[debug] [2021-08-26T11:05:34.475Z] ----------------------------------------------------------------------
[debug] [2021-08-26T11:05:34.478Z] Command:       C:\Program Files\nodejs\node.exe C:\Users\sikar\AppData\Roaming\npm\node_modules\firebase-tools\lib\bin\firebase.js init
[debug] [2021-08-26T11:05:34.479Z] CLI Version:   9.16.5
[debug] [2021-08-26T11:05:34.479Z] Platform:      win32
[debug] [2021-08-26T11:05:34.479Z] Node Version:  v14.17.0
[debug] [2021-08-26T11:05:34.481Z] Time:          Thu Aug 26 2021 16:35:34 GMT+0530 (India Standard Time)
[debug] [2021-08-26T11:05:34.481Z] ----------------------------------------------------------------------
[debug] 
[debug] [2021-08-26T11:05:34.485Z] >>> [apiv2][query] GET https://firebase-public.firebaseio.com/cli.json [none]
[debug] [2021-08-26T11:05:34.517Z] > command requires scopes: ["email","openid","https://www.googleapis.com/auth/cloudplatformprojects.readonly","https://www.googleapis.com/auth/firebase","https://www.googleapis.com/auth/cloud-platform"]
[debug] [2021-08-26T11:05:34.518Z] > authorizing via signed-in user (reactjs137@gmail.com)
[info] 
     ######## #### ########  ######## ########     ###     ######  ########
     ##        ##  ##     ## ##       ##     ##  ##   ##  ##       ##
     ######    ##  ########  ######   ########  #########  ######  ######
     ##        ##  ##    ##  ##       ##     ## ##     ##       ## ##
     ##       #### ##     ## ######## ########  ##     ##  ######  ########

You're about to initialize a Firebase project in this directory:

  C:\Users\sikar\Desktop\React-Landing-Page-Template

[debug] [2021-08-26T11:05:35.569Z] <<< [apiv2][status] GET https://firebase-public.firebaseio.com/cli.json 200
[debug] [2021-08-26T11:05:35.569Z] <<< [apiv2][body] GET https://firebase-public.firebaseio.com/cli.json {"cloudBuildErrorAfter":1594252800000,"cloudBuildWarnAfter":1590019200000,"defaultNode10After":1594252800000,"minVersion":"3.0.5","node8DeploysDisabledAfter":1613390400000,"node8RuntimeDisabledAfter":1615809600000,"node8WarnAfter":1600128000000}
